d:\code\codeprojects\rocketsimulation\simulation\x64\release\vc143.pdb
d:\code\codeprojects\rocketsimulation\simulation\x64\release\vc143.idb
d:\code\codeprojects\rocketsimulation\simulation\x64\release\physics.obj
d:\code\codeprojects\rocketsimulation\simulation\x64\release\objectrenderingcashing.obj
d:\code\codeprojects\rocketsimulation\simulation\x64\release\newsimulation.obj
d:\code\codeprojects\rocketsimulation\simulation\x64\release\timecontroles.obj
d:\code\codeprojects\rocketsimulation\simulation\x64\release\telemetry.obj
d:\code\codeprojects\rocketsimulation\simulation\x64\release\options.obj
d:\code\codeprojects\rocketsimulation\simulation\x64\release\modelcash.obj
d:\code\codeprojects\rocketsimulation\simulation\x64\release\mapview.obj
d:\code\codeprojects\rocketsimulation\simulation\x64\release\mainmenu.obj
d:\code\codeprojects\rocketsimulation\simulation\x64\release\loadinrun.obj
d:\code\codeprojects\rocketsimulation\simulation\x64\release\loadinconfig.obj
d:\code\codeprojects\rocketsimulation\simulation\x64\release\matrix2.obj
d:\code\codeprojects\rocketsimulation\simulation\x64\release\transformcomponent3d.obj
d:\code\codeprojects\rocketsimulation\simulation\x64\release\math.obj
d:\code\codeprojects\rocketsimulation\simulation\x64\release\id.obj
d:\code\codeprojects\rocketsimulation\simulation\x64\release\freecam.obj
d:\code\codeprojects\rocketsimulation\simulation\x64\release\alarms.obj
d:\code\codeprojects\rocketsimulation\simulation\x64\release\instructions.obj
d:\code\codeprojects\rocketsimulation\simulation\x64\release\confirmationscrean.obj
d:\code\codeprojects\rocketsimulation\simulation\x64\release\error.obj
d:\code\codeprojects\rocketsimulation\simulation\x64\release\fuelmap.obj
d:\code\codeprojects\rocketsimulation\simulation\x64\release\engine.obj
d:\code\codeprojects\rocketsimulation\simulation\x64\release\planet.obj
d:\code\codeprojects\rocketsimulation\simulation\x64\release\main.obj
d:\code\codeprojects\rocketsimulation\simulation\x64\release\vector3.obj
d:\code\codeprojects\rocketsimulation\simulation\x64\release\run.obj
d:\code\codeprojects\rocketsimulation\simulation\x64\release\quaternion.obj
d:\code\codeprojects\rocketsimulation\simulation\x64\release\mesh.obj
d:\code\codeprojects\rocketsimulation\simulation\x64\release\controles.obj
d:\code\codeprojects\rocketsimulation\simulation\x64\release\logging.obj
d:\code\codeprojects\rocketsimulation\simulation\x64\release\loadmanager.obj
d:\code\codeprojects\rocketsimulation\simulation\x64\release\rocketinstructions.obj
d:\code\codeprojects\rocketsimulation\simulation\x64\release\filesystem.obj
d:\code\codeprojects\rocketsimulation\simulation\x64\release\dragsim.obj
d:\code\codeprojects\rocketsimulation\simulation\x64\release\ui.obj
d:\code\codeprojects\rocketsimulation\simulation\x64\release\startmenu.obj
d:\code\codeprojects\rocketsimulation\simulation\x64\release\vector2.obj
d:\code\codeprojects\rocketsimulation\simulation\x64\release\simulationobject.obj
d:\code\codeprojects\rocketsimulation\simulation\x64\release\simulationmodel.obj
d:\code\codeprojects\rocketsimulation\simulation\x64\release\simulationobjects.obj
d:\code\codeprojects\rocketsimulation\simulation\x64\release\window.obj
d:\code\codeprojects\rocketsimulation\simulation\x64\release\text.obj
d:\code\codeprojects\rocketsimulation\simulation\x64\release\textsystem.obj
d:\code\codeprojects\rocketsimulation\simulation\x64\release\rendersystem2d.obj
d:\code\codeprojects\rocketsimulation\simulation\x64\release\rendersystem.obj
d:\code\codeprojects\rocketsimulation\simulation\x64\release\pointlightsystem.obj
d:\code\codeprojects\rocketsimulation\simulation\x64\release\swapchain.obj
d:\code\codeprojects\rocketsimulation\simulation\x64\release\renderer.obj
d:\code\codeprojects\rocketsimulation\simulation\x64\release\pipeline.obj
d:\code\codeprojects\rocketsimulation\simulation\x64\release\peripheralinputdevice.obj
d:\code\codeprojects\rocketsimulation\simulation\x64\release\model.obj
d:\code\codeprojects\rocketsimulation\simulation\x64\release\gameobject.obj
d:\code\codeprojects\rocketsimulation\simulation\x64\release\device.obj
d:\code\codeprojects\rocketsimulation\simulation\x64\release\descriptors.obj
d:\code\codeprojects\rocketsimulation\simulation\x64\release\camera.obj
d:\code\codeprojects\rocketsimulation\simulation\x64\release\buffer.obj
d:\code\codeprojects\rocketsimulation\simulation\x64\release\app.obj
d:\code\codeprojects\rocketsimulation\simulation\x64\release\rocketstage.obj
d:\code\codeprojects\rocketsimulation\simulation\x64\release\rocket.obj
d:\code\codeprojects\rocketsimulation\simulation\x64\release\fueltank.obj
d:\code\codeprojects\rocketsimulation\simulation\x64\release\windowfunctions.obj
d:\code\codeprojects\rocketsimulation\simulation\x64\release\simulation.ilk
d:\code\codeprojects\rocketsimulation\simulation\x64\release\simulation.exe
d:\code\codeprojects\rocketsimulation\simulation\x64\release\simulation.pdb
d:\code\codeprojects\rocketsimulation\simulation\x64\release\simulation.tlog\cl.command.1.tlog
d:\code\codeprojects\rocketsimulation\simulation\x64\release\simulation.tlog\cl.read.1.tlog
d:\code\codeprojects\rocketsimulation\simulation\x64\release\simulation.tlog\cl.write.1.tlog
d:\code\codeprojects\rocketsimulation\simulation\x64\release\simulation.tlog\link.command.1.tlog
d:\code\codeprojects\rocketsimulation\simulation\x64\release\simulation.tlog\link.read.1.tlog
d:\code\codeprojects\rocketsimulation\simulation\x64\release\simulation.tlog\link.write.1.tlog
