d:\code\codeprojects\rocketsimulation\simulation\simulation\x64\debug\newsimulation.obj
d:\code\codeprojects\rocketsimulation\simulation\simulation\x64\debug\id.obj
d:\code\codeprojects\rocketsimulation\simulation\simulation\x64\debug\matrix2.obj
d:\code\codeprojects\rocketsimulation\simulation\simulation\x64\debug\loadinconfig.obj
d:\code\codeprojects\rocketsimulation\simulation\simulation\x64\debug\timecontroles.obj
d:\code\codeprojects\rocketsimulation\simulation\simulation\x64\debug\simulationobjects.obj
d:\code\codeprojects\rocketsimulation\simulation\simulation\x64\debug\dragsim.obj
d:\code\codeprojects\rocketsimulation\simulation\simulation\x64\debug\filesystem.obj
d:\code\codeprojects\rocketsimulation\simulation\simulation\x64\debug\controles.obj
d:\code\codeprojects\rocketsimulation\simulation\simulation\x64\debug\mesh.obj
d:\code\codeprojects\rocketsimulation\simulation\simulation\x64\debug\engine.obj
d:\code\codeprojects\rocketsimulation\simulation\simulation\x64\debug\app.obj
d:\code\codeprojects\rocketsimulation\simulation\simulation\x64\debug\device.obj
d:\code\codeprojects\rocketsimulation\simulation\simulation\x64\debug\pipeline.obj
d:\code\codeprojects\rocketsimulation\simulation\simulation\x64\debug\rendersystem2d.obj
d:\code\codeprojects\rocketsimulation\simulation\simulation\x64\debug\windowfunctions.obj
d:\code\codeprojects\rocketsimulation\simulation\simulation\x64\debug\textinputpopup.obj
d:\code\codeprojects\rocketsimulation\simulation\simulation\x64\debug\alarms.obj
d:\code\codeprojects\rocketsimulation\simulation\simulation\x64\debug\transformcomponent3d.obj
d:\code\codeprojects\rocketsimulation\simulation\simulation\x64\debug\mainmenu.obj
d:\code\codeprojects\rocketsimulation\simulation\simulation\x64\debug\editor.obj
d:\code\codeprojects\rocketsimulation\simulation\simulation\x64\debug\simulationobject.obj
d:\code\codeprojects\rocketsimulation\simulation\simulation\x64\debug\rocketinstructions.obj
d:\code\codeprojects\rocketsimulation\simulation\simulation\x64\debug\quaternion.obj
d:\code\codeprojects\rocketsimulation\simulation\simulation\x64\debug\run.obj
d:\code\codeprojects\rocketsimulation\simulation\simulation\x64\debug\fueltank.obj
d:\code\codeprojects\rocketsimulation\simulation\simulation\x64\debug\buffer.obj
d:\code\codeprojects\rocketsimulation\simulation\simulation\x64\debug\gameobject.obj
d:\code\codeprojects\rocketsimulation\simulation\simulation\x64\debug\renderer.obj
d:\code\codeprojects\rocketsimulation\simulation\simulation\x64\debug\rendersystem.obj
d:\code\codeprojects\rocketsimulation\simulation\simulation\x64\debug\window.obj
d:\code\codeprojects\rocketsimulation\simulation\simulation\x64\debug\confirmationscrean.obj
d:\code\codeprojects\rocketsimulation\simulation\simulation\x64\debug\instructions.obj
d:\code\codeprojects\rocketsimulation\simulation\simulation\x64\debug\math.obj
d:\code\codeprojects\rocketsimulation\simulation\simulation\x64\debug\loadinrun.obj
d:\code\codeprojects\rocketsimulation\simulation\simulation\x64\debug\mapview.obj
d:\code\codeprojects\rocketsimulation\simulation\simulation\x64\debug\modelcash.obj
d:\code\codeprojects\rocketsimulation\simulation\simulation\x64\debug\objectrenderingcashing.obj
d:\code\codeprojects\rocketsimulation\simulation\simulation\x64\debug\ui.obj
d:\code\codeprojects\rocketsimulation\simulation\simulation\x64\debug\logging.obj
d:\code\codeprojects\rocketsimulation\simulation\simulation\x64\debug\main.obj
d:\code\codeprojects\rocketsimulation\simulation\simulation\x64\debug\rocket.obj
d:\code\codeprojects\rocketsimulation\simulation\simulation\x64\debug\camera.obj
d:\code\codeprojects\rocketsimulation\simulation\simulation\x64\debug\peripheralinputdevice.obj
d:\code\codeprojects\rocketsimulation\simulation\simulation\x64\debug\swapchain.obj
d:\code\codeprojects\rocketsimulation\simulation\simulation\x64\debug\textsystem.obj
d:\code\codeprojects\rocketsimulation\simulation\simulation\x64\debug\error.obj
d:\code\codeprojects\rocketsimulation\simulation\simulation\x64\debug\freecam.obj
d:\code\codeprojects\rocketsimulation\simulation\simulation\x64\debug\options.obj
d:\code\codeprojects\rocketsimulation\simulation\simulation\x64\debug\telemetry.obj
d:\code\codeprojects\rocketsimulation\simulation\simulation\x64\debug\physics.obj
d:\code\codeprojects\rocketsimulation\simulation\simulation\x64\debug\simulationmodel.obj
d:\code\codeprojects\rocketsimulation\simulation\simulation\x64\debug\vector2.obj
d:\code\codeprojects\rocketsimulation\simulation\simulation\x64\debug\startmenu.obj
d:\code\codeprojects\rocketsimulation\simulation\simulation\x64\debug\loadmanager.obj
d:\code\codeprojects\rocketsimulation\simulation\simulation\x64\debug\vector3.obj
d:\code\codeprojects\rocketsimulation\simulation\simulation\x64\debug\planet.obj
d:\code\codeprojects\rocketsimulation\simulation\simulation\x64\debug\fuelmap.obj
d:\code\codeprojects\rocketsimulation\simulation\simulation\x64\debug\rocketstage.obj
d:\code\codeprojects\rocketsimulation\simulation\simulation\x64\debug\descriptors.obj
d:\code\codeprojects\rocketsimulation\simulation\simulation\x64\debug\model.obj
d:\code\codeprojects\rocketsimulation\simulation\simulation\x64\debug\pointlightsystem.obj
d:\code\codeprojects\rocketsimulation\simulation\simulation\x64\debug\text.obj
d:\code\codeprojects\rocketsimulation\simulation\simulation\x64\debug\vc143.pdb
d:\code\codeprojects\rocketsimulation\simulation\simulation\x64\debug\vc143.idb
d:\code\codeprojects\rocketsimulation\simulation\simulation\x64\debug\simulation.ilk
d:\code\codeprojects\rocketsimulation\simulation\x64\debug\simulation.pdb
d:\code\codeprojects\rocketsimulation\simulation\simulation\x64\debug\simulation.tlog\cl.command.1.tlog
d:\code\codeprojects\rocketsimulation\simulation\simulation\x64\debug\simulation.tlog\cl.items.tlog
d:\code\codeprojects\rocketsimulation\simulation\simulation\x64\debug\simulation.tlog\cl.read.1.tlog
d:\code\codeprojects\rocketsimulation\simulation\simulation\x64\debug\simulation.tlog\cl.write.1.tlog
d:\code\codeprojects\rocketsimulation\simulation\simulation\x64\debug\simulation.tlog\link-cvtres.read.1.tlog
d:\code\codeprojects\rocketsimulation\simulation\simulation\x64\debug\simulation.tlog\link-cvtres.write.1.tlog
d:\code\codeprojects\rocketsimulation\simulation\simulation\x64\debug\simulation.tlog\link-rc.read.1.tlog
d:\code\codeprojects\rocketsimulation\simulation\simulation\x64\debug\simulation.tlog\link-rc.write.1.tlog
d:\code\codeprojects\rocketsimulation\simulation\simulation\x64\debug\simulation.tlog\link.1140-cvtres.read.1.tlog
d:\code\codeprojects\rocketsimulation\simulation\simulation\x64\debug\simulation.tlog\link.1140-cvtres.write.1.tlog
d:\code\codeprojects\rocketsimulation\simulation\simulation\x64\debug\simulation.tlog\link.1140-rc.read.1.tlog
d:\code\codeprojects\rocketsimulation\simulation\simulation\x64\debug\simulation.tlog\link.1140-rc.write.1.tlog
d:\code\codeprojects\rocketsimulation\simulation\simulation\x64\debug\simulation.tlog\link.1140.read.1.tlog
d:\code\codeprojects\rocketsimulation\simulation\simulation\x64\debug\simulation.tlog\link.1140.read.2.tlog
d:\code\codeprojects\rocketsimulation\simulation\simulation\x64\debug\simulation.tlog\link.1140.write.1.tlog
d:\code\codeprojects\rocketsimulation\simulation\simulation\x64\debug\simulation.tlog\link.command.1.tlog
d:\code\codeprojects\rocketsimulation\simulation\simulation\x64\debug\simulation.tlog\link.read.1.tlog
d:\code\codeprojects\rocketsimulation\simulation\simulation\x64\debug\simulation.tlog\link.read.2.tlog
d:\code\codeprojects\rocketsimulation\simulation\simulation\x64\debug\simulation.tlog\link.secondary.1.tlog
d:\code\codeprojects\rocketsimulation\simulation\simulation\x64\debug\simulation.tlog\link.write.1.tlog
